
info [Mon Jul 06 2026 09:43:18 GMT-0400 (Eastern Daylight Time)]  {
  dealStageHash: {
    '116': { id: 116, label: 'Prospect', color: '#e6f2ff' },
    '117': { id: 117, label: 'Contact', color: '#a4d2ed' },
    '118': { id: 118, label: 'Opportunity', color: '#63b3db' },
    '119': { id: 119, label: 'Signed Client', color: '#2193c9' },
    '120': { id: 120, label: 'Under Contract', color: '#2193c9' },
    '121': { id: 121, label: 'Closed', color: '#2193c9' },
    '122': { id: 122, label: 'Lost', color: '#f77791' },
    '215': { id: 215, label: 'Opportunity (Slipping Away)', color: '#f2b3bf' },
    '216': { id: 216, label: 'Opportunity (Highly Likely)', color: '#42A3D2' },
    '217': { id: 217, label: 'Dead', color: '#f2b3bf' }
  },
  divisors: { pf_income_gci_pct: 0 },
  dealGroups: [
    {
      '116': 0,
      '117': 0,
      '118': 0,
      '119': 0,
      '120': 0,
      '121': 0,
      '122': 0,
      '215': 0,
      '216': 0,
      '217': 0,
      type: 'month',
      period1: 6,
      period2: 2026,
      deals: []
    },
    {
      '116': 0,
      '117': 0,
      '118': 0,
      '119': 43750,
      '120': 0,
      '121': 0,
      '122': 0,
      '215': 0,
      '216': 0,
      '217': 0,
      type: 'month',
      period1: 7,
      period2: 2026,
      deals: [
        {
          deal_name: 'McCoy Zeuswyn Listing',
          deal_stage: 119,
          deal_timeline_stated: 123,
          deal_value: 1250000,
          deal_gci: 43750,
          date_deal_year: 2026,
          date_deal_month: 7,
          date_deal_day: 1,
          quarter: 3,
          income: 0,
          periodM: '7-2026',
          periodQ: 'Q3-2026',
          periodY: '2026',
          periodF: '7-2026'
        }
      ]
    },
    {
      '116': 0,
      '117': 0,
      '118': 6250,
      '119': 0,
      '120': 0,
      '121': 0,
      '122': 21250,
      '215': 0,
      '216': 0,
      '217': 0,
      type: 'month',
      period1: 8,
      period2: 2026,
      deals: [
        {
          deal_name: 'Sandy Loar Sale',
          deal_stage: 122,
          deal_timeline_stated: 123,
          deal_value: 850000,
          deal_gci: 21250,
          date_deal_year: 2026,
          date_deal_month: 8,
          date_deal_day: 1,
          quarter: 3,
          income: 0,
          periodM: '8-2026',
          periodQ: 'Q3-2026',
          periodY: '2026',
          periodF: '8-2026'
        },
        {
          deal_name: 'Little VA Home',
          deal_stage: 118,
          deal_timeline_stated: 123,
          deal_value: 250000,
          deal_gci: 6250,
          date_deal_year: 2026,
          date_deal_month: 8,
          date_deal_day: 1,
          quarter: 3,
          income: 0,
          periodM: '8-2026',
          periodQ: 'Q3-2026',
          periodY: '2026',
          periodF: '8-2026'
        }
      ]
    },
    {
      '116': 0,
      '117': 0,
      '118': 0,
      '119': 0,
      '120': 0,
      '121': 0,
      '122': 0,
      '215': 0,
      '216': 0,
      '217': 0,
      type: 'month',
      period1: 9,
      period2: 2026,
      deals: []
    },
    {
      '116': 0,
      '117': 0,
      '118': 8750,
      '119': 0,
      '120': 0,
      '121': 0,
      '122': 0,
      '215': 0,
      '216': 0,
      '217': 0,
      type: 'month',
      period1: 10,
      period2: 2026,
      deals: [
        {
          deal_name: 'Grespin Sale',
          deal_stage: 118,
          deal_timeline_stated: 124,
          deal_value: 350000,
          deal_gci: 8750,
          date_deal_year: 2026,
          date_deal_month: 10,
          date_deal_day: 1,
          quarter: 4,
          income: 0,
          periodM: '10-2026',
          periodQ: 'Q4-2026',
          periodY: '2026',
          periodF: '10-2026'
        }
      ]
    },
    {
      '116': 0,
      '117': 0,
      '118': 0,
      '119': 0,
      '120': 0,
      '121': 0,
      '122': 0,
      '215': 0,
      '216': 0,
      '217': 0,
      type: 'month',
      period1: 11,
      period2: 2026,
      deals: []
    },
    {
      '116': 0,
      '117': 0,
      '118': 8750,
      '119': 0,
      '120': 0,
      '121': 0,
      '122': 0,
      '215': 0,
      '216': 0,
      '217': 0,
      type: 'month',
      period1: 0,
      period2: 2027,
      deals: [
        {
          deal_name: 'Jeaneth & Antonio Home',
          deal_stage: 118,
          deal_timeline_stated: 125,
          deal_value: 350000,
          deal_gci: 8750,
          date_deal_year: 2027,
          date_deal_month: 0,
          date_deal_day: 1,
          quarter: 1,
          income: 0,
          periodM: '0-2027',
          periodQ: 'Q1-2027',
          periodY: '2027',
          periodF: '0-2027'
        }
      ]
    },
    {
      '116': 0,
      '117': 0,
      '118': 10000,
      '119': 0,
      '120': 0,
      '121': 0,
      '122': 0,
      '215': 0,
      '216': 0,
      '217': 0,
      type: 'month',
      period1: 1,
      period2: 2027,
      deals: [
        {
          deal_name: 'Neumann Investment',
          deal_stage: 118,
          deal_timeline_stated: 125,
          deal_value: 400000,
          deal_gci: 10000,
          date_deal_year: 2027,
          date_deal_month: 1,
          date_deal_day: 1,
          quarter: 1,
          income: 0,
          periodM: '1-2027',
          periodQ: 'Q1-2027',
          periodY: '2027',
          periodF: '1-2027'
        }
      ]
    },
    {
      '116': 0,
      '117': 10000,
      '118': 28000,
      '119': 0,
      '120': 0,
      '121': 0,
      '122': 0,
      '215': 32500,
      '216': 0,
      '217': 0,
      type: 'month',
      period1: 2,
      period2: 2027,
      deals: [
        {
          deal_name: 'Pati Brumfield Sale',
          deal_stage: 117,
          deal_timeline_stated: 125,
          deal_value: 400000,
          deal_gci: 10000,
          date_deal_year: 2027,
          date_deal_month: 2,
          date_deal_day: 1,
          quarter: 1,
          income: 0,
          periodM: '2-2027',
          periodQ: 'Q1-2027',
          periodY: '2027',
          periodF: '2-2027'
        },
        {
          deal_name: 'Phillip Coleman Family Compound',
          deal_stage: 118,
          deal_timeline_stated: 125,
          deal_value: 350000,
          deal_gci: 8750,
          date_deal_year: 2027,
          date_deal_month: 2,
          date_deal_day: 1,
          quarter: 1,
          income: 0,
          periodM: '2-2027',
          periodQ: 'Q1-2027',
          periodY: '2027',
          periodF: '2-2027'
        },
        {
          deal_name: 'McCaffrey Sale',
          deal_stage: 118,
          deal_timeline_stated: 125,
          deal_value: 350000,
          deal_gci: 8750,
          date_deal_year: 2027,
          date_deal_month: 2,
          date_deal_day: 1,
          quarter: 1,
          income: 0,
          periodM: '2-2027',
          periodQ: 'Q1-2027',
          periodY: '2027',
          periodF: '2-2027'
        },
        {
          deal_name: 'Wines Sale at LOW',
          deal_stage: 118,
          deal_timeline_stated: 125,
          deal_value: 420000,
          deal_gci: 10500,
          date_deal_year: 2027,
          date_deal_month: 2,
          date_deal_day: 1,
          quarter: 1,
          income: 0,
          periodM: '2-2027',
          periodQ: 'Q1-2027',
          periodY: '2027',
          periodF: '2-2027'
        },
        {
          deal_name: 'Janice Jenkins Listing',
          deal_stage: 215,
          deal_timeline_stated: 125,
          deal_value: 400000,
          deal_gci: 10000,
          date_deal_year: 2027,
          date_deal_month: 2,
          date_deal_day: 1,
          quarter: 1,
          income: 0,
          periodM: '2-2027',
          periodQ: 'Q1-2027',
          periodY: '2027',
          periodF: '2-2027'
        },
        {
          deal_name: 'Julie Michael Home',
          deal_stage: 215,
          deal_timeline_stated: 125,
          deal_value: 400000,
          deal_gci: 10000,
          date_deal_year: 2027,
          date_deal_month: 2,
          date_deal_day: 1,
          quarter: 1,
          income: 0,
          periodM: '2-2027',
          periodQ: 'Q1-2027',
          periodY: '2027',
          periodF: '2-2027'
        },
        {
          deal_name: 'Rex Mitchell Home',
          deal_stage: 215,
          deal_timeline_stated: 125,
          deal_value: 500000,
          deal_gci: 12500,
          date_deal_year: 2027,
          date_deal_month: 2,
          date_deal_day: 1,
          quarter: 1,
          income: 0,
          periodM: '2-2027',
          periodQ: 'Q1-2027',
          periodY: '2027',
          periodF: '2-2027'
        }
      ]
    },
    {
      '116': 0,
      '117': 0,
      '118': 0,
      '119': 0,
      '120': 0,
      '121': 0,
      '122': 0,
      '215': 0,
      '216': 0,
      '217': 0,
      type: 'month',
      period1: 3,
      period2: 2027,
      deals: []
    },
    {
      '116': 0,
      '117': 0,
      '118': 0,
      '119': 0,
      '120': 0,
      '121': 0,
      '122': 0,
      '215': 10000,
      '216': 0,
      '217': 0,
      type: 'month',
      period1: 4,
      period2: 2027,
      deals: [
        {
          deal_name: 'John Westergren Home',
          deal_stage: 215,
          deal_timeline_stated: 123,
          deal_value: 400000,
          deal_gci: 10000,
          date_deal_year: 2027,
          date_deal_month: 4,
          date_deal_day: 1,
          quarter: 2,
          income: 0,
          periodM: '4-2027',
          periodQ: 'Q2-2027',
          periodY: '2027',
          periodF: '4-2027'
        }
      ]
    },
    {
      '116': 0,
      '117': 0,
      '118': 36250,
      '119': 0,
      '120': 0,
      '121': 0,
      '122': 0,
      '215': 12500,
      '216': 0,
      '217': 0,
      type: 'month',
      period1: 5,
      period2: 2027,
      deals: [
        {
          deal_name: 'Sean Brown Farmette',
          deal_stage: 215,
          deal_timeline_stated: 126,
          deal_value: 500000,
          deal_gci: 12500,
          date_deal_year: 2027,
          date_deal_month: 5,
          date_deal_day: 1,
          quarter: 2,
          income: 0,
          periodM: '5-2027',
          periodQ: 'Q2-2027',
          periodY: '2027',
          periodF: '5-2027'
        },
        {
          deal_name: 'Amos New Home',
          deal_stage: 118,
          deal_timeline_stated: 126,
          deal_value: 1000000,
          deal_gci: 25000,
          date_deal_year: 2027,
          date_deal_month: 5,
          date_deal_day: 1,
          quarter: 2,
          income: 0,
          periodM: '5-2027',
          periodQ: 'Q2-2027',
          periodY: '2027',
          periodF: '5-2027'
        },
        {
          deal_name: 'Albert Ryan Listing',
          deal_stage: 118,
          deal_timeline_stated: 126,
          deal_value: 450000,
          deal_gci: 11250,
          date_deal_year: 2027,
          date_deal_month: 5,
          date_deal_day: 1,
          quarter: 2,
          income: 0,
          periodM: '5-2027',
          periodQ: 'Q2-2027',
          periodY: '2027',
          periodF: '5-2027'
        }
      ]
    },
    {
      '116': 0,
      '117': 0,
      '118': 0,
      '119': 0,
      '120': 0,
      '121': 0,
      '122': 0,
      '215': 0,
      '216': 0,
      '217': 0,
      type: 'month',
      period1: 6,
      period2: 2027,
      deals: []
    },
    {
      '116': 0,
      '117': 0,
      '118': 0,
      '119': 0,
      '120': 0,
      '121': 0,
      '122': 0,
      '215': 0,
      '216': 0,
      '217': 0,
      type: 'month',
      period1: 7,
      period2: 2027,
      deals: []
    },
    {
      '116': 0,
      '117': 0,
      '118': 0,
      '119': 0,
      '120': 0,
      '121': 0,
      '122': 0,
      '215': 0,
      '216': 0,
      '217': 0,
      type: 'month',
      period1: 8,
      period2: 2027,
      deals: []
    },
    {
      '116': 8750,
      '117': 37500,
      '118': 0,
      '119': 0,
      '120': 0,
      '121': 0,
      '122': 0,
      '215': 0,
      '216': 0,
      '217': 0,
      type: 'quarter',
      period1: 'Q4',
      period2: 2027,
      deals: [
        {
          deal_name: 'Egan Listing',
          deal_stage: 117,
          deal_timeline_stated: 127,
          deal_value: 800000,
          deal_gci: 20000,
          date_deal_year: 2027,
          date_deal_month: 11,
          date_deal_day: 1,
          quarter: 4,
          income: 0,
          periodM: '11-2027',
          periodQ: 'Q4-2027',
          periodY: '2027',
          periodF: 'Q4-2027'
        },
        {
          deal_name: 'Davis Listing',
          deal_stage: 117,
          deal_timeline_stated: 127,
          deal_value: 700000,
          deal_gci: 17500,
          date_deal_year: 2027,
          date_deal_month: 11,
          date_deal_day: 1,
          quarter: 4,
          income: 0,
          periodM: '11-2027',
          periodQ: 'Q4-2027',
          periodY: '2027',
          periodF: 'Q4-2027'
        },
        {
          deal_name: 'Tyler and Sylvana Home',
          deal_stage: 116,
          deal_timeline_stated: 127,
          deal_value: 350000,
          deal_gci: 8750,
          date_deal_year: 2027,
          date_deal_month: 11,
          date_deal_day: 1,
          quarter: 4,
          income: 0,
          periodM: '11-2027',
          periodQ: 'Q4-2027',
          periodY: '2027',
          periodF: 'Q4-2027'
        }
      ]
    },
    {
      '116': 17500,
      '117': 0,
      '118': 41750,
      '119': 0,
      '120': 0,
      '121': 0,
      '122': 0,
      '215': 0,
      '216': 0,
      '217': 0,
      type: 'year',
      period1: '',
      period2: 2028,
      deals: [
        {
          deal_name: 'Amos 801 S East St',
          deal_stage: 118,
          deal_timeline_stated: 124,
          deal_value: 975000,
          deal_gci: 29250,
          date_deal_year: 2028,
          date_deal_month: 5,
          date_deal_day: 1,
          quarter: 2,
          income: 0,
          periodM: '5-2028',
          periodQ: 'Q2-2028',
          periodY: '2028',
          periodF: '2028'
        },
        {
          deal_name: 'Rebekah Investment Property',
          deal_stage: 118,
          deal_timeline_stated: 128,
          deal_value: 500000,
          deal_gci: 12500,
          date_deal_year: 2028,
          date_deal_month: 5,
          date_deal_day: 1,
          quarter: 2,
          income: 0,
          periodM: '5-2028',
          periodQ: 'Q2-2028',
          periodY: '2028',
          periodF: '2028'
        },
        {
          deal_name: 'Brenna and Brandon Home',
          deal_stage: 116,
          deal_timeline_stated: 128,
          deal_value: 350000,
          deal_gci: 8750,
          date_deal_year: 2028,
          date_deal_month: 5,
          date_deal_day: 1,
          quarter: 2,
          income: 0,
          periodM: '5-2028',
          periodQ: 'Q2-2028',
          periodY: '2028',
          periodF: '2028'
        },
        {
          deal_name: 'Roman Son Home',
          deal_stage: 116,
          deal_timeline_stated: 128,
          deal_value: 350000,
          deal_gci: 8750,
          date_deal_year: 2028,
          date_deal_month: 5,
          date_deal_day: 1,
          quarter: 2,
          income: 0,
          periodM: '5-2028',
          periodQ: 'Q2-2028',
          periodY: '2028',
          periodF: '2028'
        }
      ]
    },
    {
      '116': 0,
      '117': 0,
      '118': 0,
      '119': 0,
      '120': 0,
      '121': 0,
      '122': 0,
      '215': 0,
      '216': 0,
      '217': 0,
      type: 'year',
      period1: '',
      period2: 2029,
      deals: []
    },
    {
      '116': 0,
      '117': 20000,
      '118': 0,
      '119': 0,
      '120': 0,
      '121': 0,
      '122': 0,
      '215': 0,
      '216': 0,
      '217': 0,
      type: 'year',
      period1: '',
      period2: 2030,
      deals: [
        {
          deal_name: 'Katherine VA Move',
          deal_stage: 117,
          deal_timeline_stated: 130,
          deal_value: 800000,
          deal_gci: 20000,
          date_deal_year: 2030,
          date_deal_month: 7,
          date_deal_day: 1,
          quarter: 3,
          income: 0,
          periodM: '7-2030',
          periodQ: 'Q3-2030',
          periodY: '2030',
          periodF: '2030'
        }
      ]
    },
    {
      '116': 0,
      '117': 0,
      '118': 0,
      '119': 0,
      '120': 0,
      '121': 0,
      '122': 0,
      '215': 0,
      '216': 0,
      '217': 0,
      type: 'year',
      period1: '',
      period2: 2031,
      deals: []
    },
    {
      '116': 0,
      '117': 0,
      '118': 0,
      '119': 0,
      '120': 0,
      '121': 0,
      '122': 0,
      '215': 0,
      '216': 0,
      '217': 0,
      type: 'year',
      period1: '',
      period2: 2032,
      deals: []
    },
    {
      '116': 0,
      '117': 0,
      '118': 0,
      '119': 0,
      '120': 0,
      '121': 0,
      '122': 0,
      '215': 0,
      '216': 0,
      '217': 0,
      type: 'year',
      period1: '',
      period2: 2033,
      deals: []
    },
    {
      '116': 0,
      '117': 0,
      '118': 0,
      '119': 0,
      '120': 0,
      '121': 0,
      '122': 0,
      '215': 0,
      '216': 0,
      '217': 0,
      type: 'year',
      period1: '',
      period2: 2034,
      deals: []
    },
    {
      '116': 0,
      '117': 0,
      '118': 0,
      '119': 0,
      '120': 0,
      '121': 0,
      '122': 0,
      '215': 0,
      '216': 0,
      '217': 0,
      type: 'year',
      period1: '',
      period2: 2035,
      deals: []
    }
  ]
}
info [Mon Jul 06 2026 09:44:24 GMT-0400 (Eastern Daylight Time)]  {
  dealStageHash: {
    '116': { id: 116, label: 'Prospect', color: '#e6f2ff' },
    '117': { id: 117, label: 'Contact', color: '#a4d2ed' },
    '118': { id: 118, label: 'Opportunity', color: '#63b3db' },
    '119': { id: 119, label: 'Signed Client', color: '#2193c9' },
    '120': { id: 120, label: 'Under Contract', color: '#2193c9' },
    '121': { id: 121, label: 'Closed', color: '#2193c9' },
    '122': { id: 122, label: 'Lost', color: '#f77791' },
    '215': { id: 215, label: 'Opportunity (Slipping Away)', color: '#f2b3bf' },
    '216': { id: 216, label: 'Opportunity (Highly Likely)', color: '#42A3D2' },
    '217': { id: 217, label: 'Dead', color: '#f2b3bf' }
  },
  divisors: { pf_income_gci_pct: 0 },
  dealGroups: [
    {
      '116': 0,
      '117': 0,
      '118': 0,
      '119': 0,
      '120': 0,
      '121': 0,
      '122': 0,
      '215': 0,
      '216': 0,
      '217': 0,
      type: 'month',
      period1: 6,
      period2: 2026,
      deals: []
    },
    {
      '116': 0,
      '117': 0,
      '118': 0,
      '119': 43750,
      '120': 0,
      '121': 0,
      '122': 0,
      '215': 0,
      '216': 0,
      '217': 0,
      type: 'month',
      period1: 7,
      period2: 2026,
      deals: [
        {
          deal_name: 'McCoy Zeuswyn Listing',
          deal_stage: 119,
          deal_timeline_stated: 123,
          deal_value: 1250000,
          deal_gci: 43750,
          date_deal_year: 2026,
          date_deal_month: 7,
          date_deal_day: 1,
          quarter: 3,
          income: 0,
          periodM: '7-2026',
          periodQ: 'Q3-2026',
          periodY: '2026',
          periodF: '7-2026'
        }
      ]
    },
    {
      '116': 0,
      '117': 0,
      '118': 6250,
      '119': 0,
      '120': 0,
      '121': 0,
      '122': 21250,
      '215': 0,
      '216': 0,
      '217': 0,
      type: 'month',
      period1: 8,
      period2: 2026,
      deals: [
        {
          deal_name: 'Sandy Loar Sale',
          deal_stage: 122,
          deal_timeline_stated: 123,
          deal_value: 850000,
          deal_gci: 21250,
          date_deal_year: 2026,
          date_deal_month: 8,
          date_deal_day: 1,
          quarter: 3,
          income: 0,
          periodM: '8-2026',
          periodQ: 'Q3-2026',
          periodY: '2026',
          periodF: '8-2026'
        },
        {
          deal_name: 'Little VA Home',
          deal_stage: 118,
          deal_timeline_stated: 123,
          deal_value: 250000,
          deal_gci: 6250,
          date_deal_year: 2026,
          date_deal_month: 8,
          date_deal_day: 1,
          quarter: 3,
          income: 0,
          periodM: '8-2026',
          periodQ: 'Q3-2026',
          periodY: '2026',
          periodF: '8-2026'
        }
      ]
    },
    {
      '116': 0,
      '117': 0,
      '118': 0,
      '119': 0,
      '120': 0,
      '121': 0,
      '122': 0,
      '215': 0,
      '216': 0,
      '217': 0,
      type: 'month',
      period1: 9,
      period2: 2026,
      deals: []
    },
    {
      '116': 0,
      '117': 0,
      '118': 8750,
      '119': 0,
      '120': 0,
      '121': 0,
      '122': 0,
      '215': 0,
      '216': 0,
      '217': 0,
      type: 'month',
      period1: 10,
      period2: 2026,
      deals: [
        {
          deal_name: 'Grespin Sale',
          deal_stage: 118,
          deal_timeline_stated: 124,
          deal_value: 350000,
          deal_gci: 8750,
          date_deal_year: 2026,
          date_deal_month: 10,
          date_deal_day: 1,
          quarter: 4,
          income: 0,
          periodM: '10-2026',
          periodQ: 'Q4-2026',
          periodY: '2026',
          periodF: '10-2026'
        }
      ]
    },
    {
      '116': 0,
      '117': 0,
      '118': 0,
      '119': 0,
      '120': 0,
      '121': 0,
      '122': 0,
      '215': 0,
      '216': 0,
      '217': 0,
      type: 'month',
      period1: 11,
      period2: 2026,
      deals: []
    },
    {
      '116': 0,
      '117': 0,
      '118': 8750,
      '119': 0,
      '120': 0,
      '121': 0,
      '122': 0,
      '215': 0,
      '216': 0,
      '217': 0,
      type: 'month',
      period1: 0,
      period2: 2027,
      deals: [
        {
          deal_name: 'Jeaneth & Antonio Home',
          deal_stage: 118,
          deal_timeline_stated: 125,
          deal_value: 350000,
          deal_gci: 8750,
          date_deal_year: 2027,
          date_deal_month: 0,
          date_deal_day: 1,
          quarter: 1,
          income: 0,
          periodM: '0-2027',
          periodQ: 'Q1-2027',
          periodY: '2027',
          periodF: '0-2027'
        }
      ]
    },
    {
      '116': 0,
      '117': 0,
      '118': 10000,
      '119': 0,
      '120': 0,
      '121': 0,
      '122': 0,
      '215': 0,
      '216': 0,
      '217': 0,
      type: 'month',
      period1: 1,
      period2: 2027,
      deals: [
        {
          deal_name: 'Neumann Investment',
          deal_stage: 118,
          deal_timeline_stated: 125,
          deal_value: 400000,
          deal_gci: 10000,
          date_deal_year: 2027,
          date_deal_month: 1,
          date_deal_day: 1,
          quarter: 1,
          income: 0,
          periodM: '1-2027',
          periodQ: 'Q1-2027',
          periodY: '2027',
          periodF: '1-2027'
        }
      ]
    },
    {
      '116': 0,
      '117': 10000,
      '118': 28000,
      '119': 0,
      '120': 0,
      '121': 0,
      '122': 0,
      '215': 32500,
      '216': 0,
      '217': 0,
      type: 'month',
      period1: 2,
      period2: 2027,
      deals: [
        {
          deal_name: 'Pati Brumfield Sale',
          deal_stage: 117,
          deal_timeline_stated: 125,
          deal_value: 400000,
          deal_gci: 10000,
          date_deal_year: 2027,
          date_deal_month: 2,
          date_deal_day: 1,
          quarter: 1,
          income: 0,
          periodM: '2-2027',
          periodQ: 'Q1-2027',
          periodY: '2027',
          periodF: '2-2027'
        },
        {
          deal_name: 'Phillip Coleman Family Compound',
          deal_stage: 118,
          deal_timeline_stated: 125,
          deal_value: 350000,
          deal_gci: 8750,
          date_deal_year: 2027,
          date_deal_month: 2,
          date_deal_day: 1,
          quarter: 1,
          income: 0,
          periodM: '2-2027',
          periodQ: 'Q1-2027',
          periodY: '2027',
          periodF: '2-2027'
        },
        {
          deal_name: 'McCaffrey Sale',
          deal_stage: 118,
          deal_timeline_stated: 125,
          deal_value: 350000,
          deal_gci: 8750,
          date_deal_year: 2027,
          date_deal_month: 2,
          date_deal_day: 1,
          quarter: 1,
          income: 0,
          periodM: '2-2027',
          periodQ: 'Q1-2027',
          periodY: '2027',
          periodF: '2-2027'
        },
        {
          deal_name: 'Wines Sale at LOW',
          deal_stage: 118,
          deal_timeline_stated: 125,
          deal_value: 420000,
          deal_gci: 10500,
          date_deal_year: 2027,
          date_deal_month: 2,
          date_deal_day: 1,
          quarter: 1,
          income: 0,
          periodM: '2-2027',
          periodQ: 'Q1-2027',
          periodY: '2027',
          periodF: '2-2027'
        },
        {
          deal_name: 'Janice Jenkins Listing',
          deal_stage: 215,
          deal_timeline_stated: 125,
          deal_value: 400000,
          deal_gci: 10000,
          date_deal_year: 2027,
          date_deal_month: 2,
          date_deal_day: 1,
          quarter: 1,
          income: 0,
          periodM: '2-2027',
          periodQ: 'Q1-2027',
          periodY: '2027',
          periodF: '2-2027'
        },
        {
          deal_name: 'Julie Michael Home',
          deal_stage: 215,
          deal_timeline_stated: 125,
          deal_value: 400000,
          deal_gci: 10000,
          date_deal_year: 2027,
          date_deal_month: 2,
          date_deal_day: 1,
          quarter: 1,
          income: 0,
          periodM: '2-2027',
          periodQ: 'Q1-2027',
          periodY: '2027',
          periodF: '2-2027'
        },
        {
          deal_name: 'Rex Mitchell Home',
          deal_stage: 215,
          deal_timeline_stated: 125,
          deal_value: 500000,
          deal_gci: 12500,
          date_deal_year: 2027,
          date_deal_month: 2,
          date_deal_day: 1,
          quarter: 1,
          income: 0,
          periodM: '2-2027',
          periodQ: 'Q1-2027',
          periodY: '2027',
          periodF: '2-2027'
        }
      ]
    },
    {
      '116': 0,
      '117': 0,
      '118': 0,
      '119': 0,
      '120': 0,
      '121': 0,
      '122': 0,
      '215': 0,
      '216': 0,
      '217': 0,
      type: 'month',
      period1: 3,
      period2: 2027,
      deals: []
    },
    {
      '116': 0,
      '117': 0,
      '118': 0,
      '119': 0,
      '120': 0,
      '121': 0,
      '122': 0,
      '215': 10000,
      '216': 0,
      '217': 0,
      type: 'month',
      period1: 4,
      period2: 2027,
      deals: [
        {
          deal_name: 'John Westergren Home',
          deal_stage: 215,
          deal_timeline_stated: 123,
          deal_value: 400000,
          deal_gci: 10000,
          date_deal_year: 2027,
          date_deal_month: 4,
          date_deal_day: 1,
          quarter: 2,
          income: 0,
          periodM: '4-2027',
          periodQ: 'Q2-2027',
          periodY: '2027',
          periodF: '4-2027'
        }
      ]
    },
    {
      '116': 0,
      '117': 0,
      '118': 36250,
      '119': 0,
      '120': 0,
      '121': 0,
      '122': 0,
      '215': 12500,
      '216': 0,
      '217': 0,
      type: 'month',
      period1: 5,
      period2: 2027,
      deals: [
        {
          deal_name: 'Sean Brown Farmette',
          deal_stage: 215,
          deal_timeline_stated: 126,
          deal_value: 500000,
          deal_gci: 12500,
          date_deal_year: 2027,
          date_deal_month: 5,
          date_deal_day: 1,
          quarter: 2,
          income: 0,
          periodM: '5-2027',
          periodQ: 'Q2-2027',
          periodY: '2027',
          periodF: '5-2027'
        },
        {
          deal_name: 'Amos New Home',
          deal_stage: 118,
          deal_timeline_stated: 126,
          deal_value: 1000000,
          deal_gci: 25000,
          date_deal_year: 2027,
          date_deal_month: 5,
          date_deal_day: 1,
          quarter: 2,
          income: 0,
          periodM: '5-2027',
          periodQ: 'Q2-2027',
          periodY: '2027',
          periodF: '5-2027'
        },
        {
          deal_name: 'Albert Ryan Listing',
          deal_stage: 118,
          deal_timeline_stated: 126,
          deal_value: 450000,
          deal_gci: 11250,
          date_deal_year: 2027,
          date_deal_month: 5,
          date_deal_day: 1,
          quarter: 2,
          income: 0,
          periodM: '5-2027',
          periodQ: 'Q2-2027',
          periodY: '2027',
          periodF: '5-2027'
        }
      ]
    },
    {
      '116': 0,
      '117': 0,
      '118': 0,
      '119': 0,
      '120': 0,
      '121': 0,
      '122': 0,
      '215': 0,
      '216': 0,
      '217': 0,
      type: 'month',
      period1: 6,
      period2: 2027,
      deals: []
    },
    {
      '116': 0,
      '117': 0,
      '118': 0,
      '119': 0,
      '120': 0,
      '121': 0,
      '122': 0,
      '215': 0,
      '216': 0,
      '217': 0,
      type: 'month',
      period1: 7,
      period2: 2027,
      deals: []
    },
    {
      '116': 0,
      '117': 0,
      '118': 0,
      '119': 0,
      '120': 0,
      '121': 0,
      '122': 0,
      '215': 0,
      '216': 0,
      '217': 0,
      type: 'month',
      period1: 8,
      period2: 2027,
      deals: []
    },
    {
      '116': 8750,
      '117': 37500,
      '118': 0,
      '119': 0,
      '120': 0,
      '121': 0,
      '122': 0,
      '215': 0,
      '216': 0,
      '217': 0,
      type: 'quarter',
      period1: 'Q4',
      period2: 2027,
      deals: [
        {
          deal_name: 'Egan Listing',
          deal_stage: 117,
          deal_timeline_stated: 127,
          deal_value: 800000,
          deal_gci: 20000,
          date_deal_year: 2027,
          date_deal_month: 11,
          date_deal_day: 1,
          quarter: 4,
          income: 0,
          periodM: '11-2027',
          periodQ: 'Q4-2027',
          periodY: '2027',
          periodF: 'Q4-2027'
        },
        {
          deal_name: 'Davis Listing',
          deal_stage: 117,
          deal_timeline_stated: 127,
          deal_value: 700000,
          deal_gci: 17500,
          date_deal_year: 2027,
          date_deal_month: 11,
          date_deal_day: 1,
          quarter: 4,
          income: 0,
          periodM: '11-2027',
          periodQ: 'Q4-2027',
          periodY: '2027',
          periodF: 'Q4-2027'
        },
        {
          deal_name: 'Tyler and Sylvana Home',
          deal_stage: 116,
          deal_timeline_stated: 127,
          deal_value: 350000,
          deal_gci: 8750,
          date_deal_year: 2027,
          date_deal_month: 11,
          date_deal_day: 1,
          quarter: 4,
          income: 0,
          periodM: '11-2027',
          periodQ: 'Q4-2027',
          periodY: '2027',
          periodF: 'Q4-2027'
        }
      ]
    },
    {
      '116': 17500,
      '117': 0,
      '118': 41750,
      '119': 0,
      '120': 0,
      '121': 0,
      '122': 0,
      '215': 0,
      '216': 0,
      '217': 0,
      type: 'year',
      period1: '',
      period2: 2028,
      deals: [
        {
          deal_name: 'Amos 801 S East St',
          deal_stage: 118,
          deal_timeline_stated: 124,
          deal_value: 975000,
          deal_gci: 29250,
          date_deal_year: 2028,
          date_deal_month: 5,
          date_deal_day: 1,
          quarter: 2,
          income: 0,
          periodM: '5-2028',
          periodQ: 'Q2-2028',
          periodY: '2028',
          periodF: '2028'
        },
        {
          deal_name: 'Rebekah Investment Property',
          deal_stage: 118,
          deal_timeline_stated: 128,
          deal_value: 500000,
          deal_gci: 12500,
          date_deal_year: 2028,
          date_deal_month: 5,
          date_deal_day: 1,
          quarter: 2,
          income: 0,
          periodM: '5-2028',
          periodQ: 'Q2-2028',
          periodY: '2028',
          periodF: '2028'
        },
        {
          deal_name: 'Brenna and Brandon Home',
          deal_stage: 116,
          deal_timeline_stated: 128,
          deal_value: 350000,
          deal_gci: 8750,
          date_deal_year: 2028,
          date_deal_month: 5,
          date_deal_day: 1,
          quarter: 2,
          income: 0,
          periodM: '5-2028',
          periodQ: 'Q2-2028',
          periodY: '2028',
          periodF: '2028'
        },
        {
          deal_name: 'Roman Son Home',
          deal_stage: 116,
          deal_timeline_stated: 128,
          deal_value: 350000,
          deal_gci: 8750,
          date_deal_year: 2028,
          date_deal_month: 5,
          date_deal_day: 1,
          quarter: 2,
          income: 0,
          periodM: '5-2028',
          periodQ: 'Q2-2028',
          periodY: '2028',
          periodF: '2028'
        }
      ]
    },
    {
      '116': 0,
      '117': 0,
      '118': 0,
      '119': 0,
      '120': 0,
      '121': 0,
      '122': 0,
      '215': 0,
      '216': 0,
      '217': 0,
      type: 'year',
      period1: '',
      period2: 2029,
      deals: []
    },
    {
      '116': 0,
      '117': 20000,
      '118': 0,
      '119': 0,
      '120': 0,
      '121': 0,
      '122': 0,
      '215': 0,
      '216': 0,
      '217': 0,
      type: 'year',
      period1: '',
      period2: 2030,
      deals: [
        {
          deal_name: 'Katherine VA Move',
          deal_stage: 117,
          deal_timeline_stated: 130,
          deal_value: 800000,
          deal_gci: 20000,
          date_deal_year: 2030,
          date_deal_month: 7,
          date_deal_day: 1,
          quarter: 3,
          income: 0,
          periodM: '7-2030',
          periodQ: 'Q3-2030',
          periodY: '2030',
          periodF: '2030'
        }
      ]
    },
    {
      '116': 0,
      '117': 0,
      '118': 0,
      '119': 0,
      '120': 0,
      '121': 0,
      '122': 0,
      '215': 0,
      '216': 0,
      '217': 0,
      type: 'year',
      period1: '',
      period2: 2031,
      deals: []
    },
    {
      '116': 0,
      '117': 0,
      '118': 0,
      '119': 0,
      '120': 0,
      '121': 0,
      '122': 0,
      '215': 0,
      '216': 0,
      '217': 0,
      type: 'year',
      period1: '',
      period2: 2032,
      deals: []
    },
    {
      '116': 0,
      '117': 0,
      '118': 0,
      '119': 0,
      '120': 0,
      '121': 0,
      '122': 0,
      '215': 0,
      '216': 0,
      '217': 0,
      type: 'year',
      period1: '',
      period2: 2033,
      deals: []
    },
    {
      '116': 0,
      '117': 0,
      '118': 0,
      '119': 0,
      '120': 0,
      '121': 0,
      '122': 0,
      '215': 0,
      '216': 0,
      '217': 0,
      type: 'year',
      period1: '',
      period2: 2034,
      deals: []
    },
    {
      '116': 0,
      '117': 0,
      '118': 0,
      '119': 0,
      '120': 0,
      '121': 0,
      '122': 0,
      '215': 0,
      '216': 0,
      '217': 0,
      type: 'year',
      period1: '',
      period2: 2035,
      deals: []
    }
  ]
}
info [Mon Jul 06 2026 11:17:39 GMT-0400 (Eastern Daylight Time)]  {
  dealStageHash: {
    '116': { id: 116, label: 'Prospect', color: '#e6f2ff' },
    '117': { id: 117, label: 'Contact', color: '#a4d2ed' },
    '118': { id: 118, label: 'Opportunity', color: '#63b3db' },
    '119': { id: 119, label: 'Signed Client', color: '#2193c9' },
    '120': { id: 120, label: 'Under Contract', color: '#2193c9' },
    '121': { id: 121, label: 'Closed', color: '#2193c9' },
    '122': { id: 122, label: 'Lost', color: '#f77791' },
    '215': { id: 215, label: 'Opportunity (Slipping Away)', color: '#f2b3bf' },
    '216': { id: 216, label: 'Opportunity (Highly Likely)', color: '#42A3D2' },
    '217': { id: 217, label: 'Dead', color: '#f2b3bf' }
  },
  divisors: { pf_income_gci_pct: 0 },
  dealGroups: [
    {
      '116': 0,
      '117': 0,
      '118': 0,
      '119': 0,
      '120': 0,
      '121': 0,
      '122': 0,
      '215': 0,
      '216': 0,
      '217': 0,
      type: 'month',
      period1: 6,
      period2: 2026,
      deals: []
    },
    {
      '116': 0,
      '117': 0,
      '118': 0,
      '119': 43750,
      '120': 0,
      '121': 0,
      '122': 0,
      '215': 0,
      '216': 0,
      '217': 0,
      type: 'month',
      period1: 7,
      period2: 2026,
      deals: [
        {
          deal_name: 'McCoy Zeuswyn Listing',
          deal_stage: 119,
          deal_timeline_stated: 123,
          deal_value: 1250000,
          deal_gci: 43750,
          date_deal_year: 2026,
          date_deal_month: 7,
          date_deal_day: 1,
          quarter: 3,
          income: 0,
          periodM: '7-2026',
          periodQ: 'Q3-2026',
          periodY: '2026',
          periodF: '7-2026'
        }
      ]
    },
    {
      '116': 0,
      '117': 0,
      '118': 6250,
      '119': 0,
      '120': 0,
      '121': 0,
      '122': 21250,
      '215': 0,
      '216': 0,
      '217': 0,
      type: 'month',
      period1: 8,
      period2: 2026,
      deals: [
        {
          deal_name: 'Sandy Loar Sale',
          deal_stage: 122,
          deal_timeline_stated: 123,
          deal_value: 850000,
          deal_gci: 21250,
          date_deal_year: 2026,
          date_deal_month: 8,
          date_deal_day: 1,
          quarter: 3,
          income: 0,
          periodM: '8-2026',
          periodQ: 'Q3-2026',
          periodY: '2026',
          periodF: '8-2026'
        },
        {
          deal_name: 'Little VA Home',
          deal_stage: 118,
          deal_timeline_stated: 123,
          deal_value: 250000,
          deal_gci: 6250,
          date_deal_year: 2026,
          date_deal_month: 8,
          date_deal_day: 1,
          quarter: 3,
          income: 0,
          periodM: '8-2026',
          periodQ: 'Q3-2026',
          periodY: '2026',
          periodF: '8-2026'
        }
      ]
    },
    {
      '116': 0,
      '117': 0,
      '118': 0,
      '119': 0,
      '120': 0,
      '121': 0,
      '122': 0,
      '215': 0,
      '216': 0,
      '217': 0,
      type: 'month',
      period1: 9,
      period2: 2026,
      deals: []
    },
    {
      '116': 0,
      '117': 0,
      '118': 8750,
      '119': 0,
      '120': 0,
      '121': 0,
      '122': 0,
      '215': 0,
      '216': 0,
      '217': 0,
      type: 'month',
      period1: 10,
      period2: 2026,
      deals: [
        {
          deal_name: 'Grespin Sale',
          deal_stage: 118,
          deal_timeline_stated: 124,
          deal_value: 350000,
          deal_gci: 8750,
          date_deal_year: 2026,
          date_deal_month: 10,
          date_deal_day: 1,
          quarter: 4,
          income: 0,
          periodM: '10-2026',
          periodQ: 'Q4-2026',
          periodY: '2026',
          periodF: '10-2026'
        }
      ]
    },
    {
      '116': 0,
      '117': 0,
      '118': 0,
      '119': 0,
      '120': 0,
      '121': 0,
      '122': 0,
      '215': 0,
      '216': 0,
      '217': 0,
      type: 'month',
      period1: 11,
      period2: 2026,
      deals: []
    },
    {
      '116': 0,
      '117': 0,
      '118': 8750,
      '119': 0,
      '120': 0,
      '121': 0,
      '122': 0,
      '215': 0,
      '216': 0,
      '217': 0,
      type: 'month',
      period1: 0,
      period2: 2027,
      deals: [
        {
          deal_name: 'Jeaneth & Antonio Home',
          deal_stage: 118,
          deal_timeline_stated: 125,
          deal_value: 350000,
          deal_gci: 8750,
          date_deal_year: 2027,
          date_deal_month: 0,
          date_deal_day: 1,
          quarter: 1,
          income: 0,
          periodM: '0-2027',
          periodQ: 'Q1-2027',
          periodY: '2027',
          periodF: '0-2027'
        }
      ]
    },
    {
      '116': 0,
      '117': 0,
      '118': 10000,
      '119': 0,
      '120': 0,
      '121': 0,
      '122': 0,
      '215': 0,
      '216': 0,
      '217': 0,
      type: 'month',
      period1: 1,
      period2: 2027,
      deals: [
        {
          deal_name: 'Neumann Investment',
          deal_stage: 118,
          deal_timeline_stated: 125,
          deal_value: 400000,
          deal_gci: 10000,
          date_deal_year: 2027,
          date_deal_month: 1,
          date_deal_day: 1,
          quarter: 1,
          income: 0,
          periodM: '1-2027',
          periodQ: 'Q1-2027',
          periodY: '2027',
          periodF: '1-2027'
        }
      ]
    },
    {
      '116': 0,
      '117': 10000,
      '118': 28000,
      '119': 0,
      '120': 0,
      '121': 0,
      '122': 0,
      '215': 32500,
      '216': 0,
      '217': 0,
      type: 'month',
      period1: 2,
      period2: 2027,
      deals: [
        {
          deal_name: 'Pati Brumfield Sale',
          deal_stage: 117,
          deal_timeline_stated: 125,
          deal_value: 400000,
          deal_gci: 10000,
          date_deal_year: 2027,
          date_deal_month: 2,
          date_deal_day: 1,
          quarter: 1,
          income: 0,
          periodM: '2-2027',
          periodQ: 'Q1-2027',
          periodY: '2027',
          periodF: '2-2027'
        },
        {
          deal_name: 'Phillip Coleman Family Compound',
          deal_stage: 118,
          deal_timeline_stated: 125,
          deal_value: 350000,
          deal_gci: 8750,
          date_deal_year: 2027,
          date_deal_month: 2,
          date_deal_day: 1,
          quarter: 1,
          income: 0,
          periodM: '2-2027',
          periodQ: 'Q1-2027',
          periodY: '2027',
          periodF: '2-2027'
        },
        {
          deal_name: 'McCaffrey Sale',
          deal_stage: 118,
          deal_timeline_stated: 125,
          deal_value: 350000,
          deal_gci: 8750,
          date_deal_year: 2027,
          date_deal_month: 2,
          date_deal_day: 1,
          quarter: 1,
          income: 0,
          periodM: '2-2027',
          periodQ: 'Q1-2027',
          periodY: '2027',
          periodF: '2-2027'
        },
        {
          deal_name: 'Wines Sale at LOW',
          deal_stage: 118,
          deal_timeline_stated: 125,
          deal_value: 420000,
          deal_gci: 10500,
          date_deal_year: 2027,
          date_deal_month: 2,
          date_deal_day: 1,
          quarter: 1,
          income: 0,
          periodM: '2-2027',
          periodQ: 'Q1-2027',
          periodY: '2027',
          periodF: '2-2027'
        },
        {
          deal_name: 'Janice Jenkins Listing',
          deal_stage: 215,
          deal_timeline_stated: 125,
          deal_value: 400000,
          deal_gci: 10000,
          date_deal_year: 2027,
          date_deal_month: 2,
          date_deal_day: 1,
          quarter: 1,
          income: 0,
          periodM: '2-2027',
          periodQ: 'Q1-2027',
          periodY: '2027',
          periodF: '2-2027'
        },
        {
          deal_name: 'Julie Michael Home',
          deal_stage: 215,
          deal_timeline_stated: 125,
          deal_value: 400000,
          deal_gci: 10000,
          date_deal_year: 2027,
          date_deal_month: 2,
          date_deal_day: 1,
          quarter: 1,
          income: 0,
          periodM: '2-2027',
          periodQ: 'Q1-2027',
          periodY: '2027',
          periodF: '2-2027'
        },
        {
          deal_name: 'Rex Mitchell Home',
          deal_stage: 215,
          deal_timeline_stated: 125,
          deal_value: 500000,
          deal_gci: 12500,
          date_deal_year: 2027,
          date_deal_month: 2,
          date_deal_day: 1,
          quarter: 1,
          income: 0,
          periodM: '2-2027',
          periodQ: 'Q1-2027',
          periodY: '2027',
          periodF: '2-2027'
        }
      ]
    },
    {
      '116': 0,
      '117': 0,
      '118': 0,
      '119': 0,
      '120': 0,
      '121': 0,
      '122': 0,
      '215': 0,
      '216': 0,
      '217': 0,
      type: 'month',
      period1: 3,
      period2: 2027,
      deals: []
    },
    {
      '116': 0,
      '117': 0,
      '118': 0,
      '119': 0,
      '120': 0,
      '121': 0,
      '122': 0,
      '215': 10000,
      '216': 0,
      '217': 0,
      type: 'month',
      period1: 4,
      period2: 2027,
      deals: [
        {
          deal_name: 'John Westergren Home',
          deal_stage: 215,
          deal_timeline_stated: 123,
          deal_value: 400000,
          deal_gci: 10000,
          date_deal_year: 2027,
          date_deal_month: 4,
          date_deal_day: 1,
          quarter: 2,
          income: 0,
          periodM: '4-2027',
          periodQ: 'Q2-2027',
          periodY: '2027',
          periodF: '4-2027'
        }
      ]
    },
    {
      '116': 0,
      '117': 0,
      '118': 36250,
      '119': 0,
      '120': 0,
      '121': 0,
      '122': 0,
      '215': 12500,
      '216': 0,
      '217': 0,
      type: 'month',
      period1: 5,
      period2: 2027,
      deals: [
        {
          deal_name: 'Sean Brown Farmette',
          deal_stage: 215,
          deal_timeline_stated: 126,
          deal_value: 500000,
          deal_gci: 12500,
          date_deal_year: 2027,
          date_deal_month: 5,
          date_deal_day: 1,
          quarter: 2,
          income: 0,
          periodM: '5-2027',
          periodQ: 'Q2-2027',
          periodY: '2027',
          periodF: '5-2027'
        },
        {
          deal_name: 'Amos New Home',
          deal_stage: 118,
          deal_timeline_stated: 126,
          deal_value: 1000000,
          deal_gci: 25000,
          date_deal_year: 2027,
          date_deal_month: 5,
          date_deal_day: 1,
          quarter: 2,
          income: 0,
          periodM: '5-2027',
          periodQ: 'Q2-2027',
          periodY: '2027',
          periodF: '5-2027'
        },
        {
          deal_name: 'Albert Ryan Listing',
          deal_stage: 118,
          deal_timeline_stated: 126,
          deal_value: 450000,
          deal_gci: 11250,
          date_deal_year: 2027,
          date_deal_month: 5,
          date_deal_day: 1,
          quarter: 2,
          income: 0,
          periodM: '5-2027',
          periodQ: 'Q2-2027',
          periodY: '2027',
          periodF: '5-2027'
        }
      ]
    },
    {
      '116': 0,
      '117': 0,
      '118': 0,
      '119': 0,
      '120': 0,
      '121': 0,
      '122': 0,
      '215': 0,
      '216': 0,
      '217': 0,
      type: 'month',
      period1: 6,
      period2: 2027,
      deals: []
    },
    {
      '116': 0,
      '117': 0,
      '118': 0,
      '119': 0,
      '120': 0,
      '121': 0,
      '122': 0,
      '215': 0,
      '216': 0,
      '217': 0,
      type: 'month',
      period1: 7,
      period2: 2027,
      deals: []
    },
    {
      '116': 0,
      '117': 0,
      '118': 0,
      '119': 0,
      '120': 0,
      '121': 0,
      '122': 0,
      '215': 0,
      '216': 0,
      '217': 0,
      type: 'month',
      period1: 8,
      period2: 2027,
      deals: []
    },
    {
      '116': 8750,
      '117': 37500,
      '118': 0,
      '119': 0,
      '120': 0,
      '121': 0,
      '122': 0,
      '215': 0,
      '216': 0,
      '217': 0,
      type: 'quarter',
      period1: 'Q4',
      period2: 2027,
      deals: [
        {
          deal_name: 'Egan Listing',
          deal_stage: 117,
          deal_timeline_stated: 127,
          deal_value: 800000,
          deal_gci: 20000,
          date_deal_year: 2027,
          date_deal_month: 11,
          date_deal_day: 1,
          quarter: 4,
          income: 0,
          periodM: '11-2027',
          periodQ: 'Q4-2027',
          periodY: '2027',
          periodF: 'Q4-2027'
        },
        {
          deal_name: 'Davis Listing',
          deal_stage: 117,
          deal_timeline_stated: 127,
          deal_value: 700000,
          deal_gci: 17500,
          date_deal_year: 2027,
          date_deal_month: 11,
          date_deal_day: 1,
          quarter: 4,
          income: 0,
          periodM: '11-2027',
          periodQ: 'Q4-2027',
          periodY: '2027',
          periodF: 'Q4-2027'
        },
        {
          deal_name: 'Tyler and Sylvana Home',
          deal_stage: 116,
          deal_timeline_stated: 127,
          deal_value: 350000,
          deal_gci: 8750,
          date_deal_year: 2027,
          date_deal_month: 11,
          date_deal_day: 1,
          quarter: 4,
          income: 0,
          periodM: '11-2027',
          periodQ: 'Q4-2027',
          periodY: '2027',
          periodF: 'Q4-2027'
        }
      ]
    },
    {
      '116': 17500,
      '117': 0,
      '118': 41750,
      '119': 0,
      '120': 0,
      '121': 0,
      '122': 0,
      '215': 0,
      '216': 0,
      '217': 0,
      type: 'year',
      period1: '',
      period2: 2028,
      deals: [
        {
          deal_name: 'Amos 801 S East St',
          deal_stage: 118,
          deal_timeline_stated: 124,
          deal_value: 975000,
          deal_gci: 29250,
          date_deal_year: 2028,
          date_deal_month: 5,
          date_deal_day: 1,
          quarter: 2,
          income: 0,
          periodM: '5-2028',
          periodQ: 'Q2-2028',
          periodY: '2028',
          periodF: '2028'
        },
        {
          deal_name: 'Rebekah Investment Property',
          deal_stage: 118,
          deal_timeline_stated: 128,
          deal_value: 500000,
          deal_gci: 12500,
          date_deal_year: 2028,
          date_deal_month: 5,
          date_deal_day: 1,
          quarter: 2,
          income: 0,
          periodM: '5-2028',
          periodQ: 'Q2-2028',
          periodY: '2028',
          periodF: '2028'
        },
        {
          deal_name: 'Brenna and Brandon Home',
          deal_stage: 116,
          deal_timeline_stated: 128,
          deal_value: 350000,
          deal_gci: 8750,
          date_deal_year: 2028,
          date_deal_month: 5,
          date_deal_day: 1,
          quarter: 2,
          income: 0,
          periodM: '5-2028',
          periodQ: 'Q2-2028',
          periodY: '2028',
          periodF: '2028'
        },
        {
          deal_name: 'Roman Son Home',
          deal_stage: 116,
          deal_timeline_stated: 128,
          deal_value: 350000,
          deal_gci: 8750,
          date_deal_year: 2028,
          date_deal_month: 5,
          date_deal_day: 1,
          quarter: 2,
          income: 0,
          periodM: '5-2028',
          periodQ: 'Q2-2028',
          periodY: '2028',
          periodF: '2028'
        }
      ]
    },
    {
      '116': 0,
      '117': 0,
      '118': 0,
      '119': 0,
      '120': 0,
      '121': 0,
      '122': 0,
      '215': 0,
      '216': 0,
      '217': 0,
      type: 'year',
      period1: '',
      period2: 2029,
      deals: []
    },
    {
      '116': 0,
      '117': 20000,
      '118': 0,
      '119': 0,
      '120': 0,
      '121': 0,
      '122': 0,
      '215': 0,
      '216': 0,
      '217': 0,
      type: 'year',
      period1: '',
      period2: 2030,
      deals: [
        {
          deal_name: 'Katherine VA Move',
          deal_stage: 117,
          deal_timeline_stated: 130,
          deal_value: 800000,
          deal_gci: 20000,
          date_deal_year: 2030,
          date_deal_month: 7,
          date_deal_day: 1,
          quarter: 3,
          income: 0,
          periodM: '7-2030',
          periodQ: 'Q3-2030',
          periodY: '2030',
          periodF: '2030'
        }
      ]
    },
    {
      '116': 0,
      '117': 0,
      '118': 0,
      '119': 0,
      '120': 0,
      '121': 0,
      '122': 0,
      '215': 0,
      '216': 0,
      '217': 0,
      type: 'year',
      period1: '',
      period2: 2031,
      deals: []
    },
    {
      '116': 0,
      '117': 0,
      '118': 0,
      '119': 0,
      '120': 0,
      '121': 0,
      '122': 0,
      '215': 0,
      '216': 0,
      '217': 0,
      type: 'year',
      period1: '',
      period2: 2032,
      deals: []
    },
    {
      '116': 0,
      '117': 0,
      '118': 0,
      '119': 0,
      '120': 0,
      '121': 0,
      '122': 0,
      '215': 0,
      '216': 0,
      '217': 0,
      type: 'year',
      period1: '',
      period2: 2033,
      deals: []
    },
    {
      '116': 0,
      '117': 0,
      '118': 0,
      '119': 0,
      '120': 0,
      '121': 0,
      '122': 0,
      '215': 0,
      '216': 0,
      '217': 0,
      type: 'year',
      period1: '',
      period2: 2034,
      deals: []
    },
    {
      '116': 0,
      '117': 0,
      '118': 0,
      '119': 0,
      '120': 0,
      '121': 0,
      '122': 0,
      '215': 0,
      '216': 0,
      '217': 0,
      type: 'year',
      period1: '',
      period2: 2035,
      deals: []
    }
  ]
}
info [Mon Jul 06 2026 12:50:00 GMT-0400 (Eastern Daylight Time)]  {
  dealStageHash: {
    '116': { id: 116, label: 'Prospect', color: '#e6f2ff' },
    '117': { id: 117, label: 'Contact', color: '#a4d2ed' },
    '118': { id: 118, label: 'Opportunity', color: '#63b3db' },
    '119': { id: 119, label: 'Signed Client', color: '#2193c9' },
    '120': { id: 120, label: 'Under Contract', color: '#2193c9' },
    '121': { id: 121, label: 'Closed', color: '#2193c9' },
    '122': { id: 122, label: 'Lost', color: '#f77791' },
    '215': { id: 215, label: 'Opportunity (Slipping Away)', color: '#f2b3bf' },
    '216': { id: 216, label: 'Opportunity (Highly Likely)', color: '#42A3D2' },
    '217': { id: 217, label: 'Dead', color: '#f2b3bf' }
  },
  divisors: { pf_income_gci_pct: 0 },
  dealGroups: [
    {
      '116': 0,
      '117': 0,
      '118': 0,
      '119': 0,
      '120': 0,
      '121': 0,
      '122': 0,
      '215': 0,
      '216': 0,
      '217': 0,
      type: 'month',
      period1: 6,
      period2: 2026,
      deals: []
    },
    {
      '116': 0,
      '117': 0,
      '118': 0,
      '119': 43750,
      '120': 0,
      '121': 0,
      '122': 0,
      '215': 0,
      '216': 0,
      '217': 0,
      type: 'month',
      period1: 7,
      period2: 2026,
      deals: [
        {
          deal_name: 'McCoy Zeuswyn Listing',
          deal_stage: 119,
          deal_timeline_stated: 123,
          deal_value: 1250000,
          deal_gci: 43750,
          date_deal_year: 2026,
          date_deal_month: 7,
          date_deal_day: 1,
          quarter: 3,
          income: 0,
          periodM: '7-2026',
          periodQ: 'Q3-2026',
          periodY: '2026',
          periodF: '7-2026'
        }
      ]
    },
    {
      '116': 0,
      '117': 0,
      '118': 6250,
      '119': 0,
      '120': 0,
      '121': 0,
      '122': 21250,
      '215': 0,
      '216': 0,
      '217': 0,
      type: 'month',
      period1: 8,
      period2: 2026,
      deals: [
        {
          deal_name: 'Sandy Loar Sale',
          deal_stage: 122,
          deal_timeline_stated: 123,
          deal_value: 850000,
          deal_gci: 21250,
          date_deal_year: 2026,
          date_deal_month: 8,
          date_deal_day: 1,
          quarter: 3,
          income: 0,
          periodM: '8-2026',
          periodQ: 'Q3-2026',
          periodY: '2026',
          periodF: '8-2026'
        },
        {
          deal_name: 'Little VA Home',
          deal_stage: 118,
          deal_timeline_stated: 123,
          deal_value: 250000,
          deal_gci: 6250,
          date_deal_year: 2026,
          date_deal_month: 8,
          date_deal_day: 1,
          quarter: 3,
          income: 0,
          periodM: '8-2026',
          periodQ: 'Q3-2026',
          periodY: '2026',
          periodF: '8-2026'
        }
      ]
    },
    {
      '116': 0,
      '117': 0,
      '118': 0,
      '119': 0,
      '120': 0,
      '121': 0,
      '122': 0,
      '215': 0,
      '216': 0,
      '217': 0,
      type: 'month',
      period1: 9,
      period2: 2026,
      deals: []
    },
    {
      '116': 0,
      '117': 0,
      '118': 8750,
      '119': 0,
      '120': 0,
      '121': 0,
      '122': 0,
      '215': 0,
      '216': 0,
      '217': 0,
      type: 'month',
      period1: 10,
      period2: 2026,
      deals: [
        {
          deal_name: 'Grespin Sale',
          deal_stage: 118,
          deal_timeline_stated: 124,
          deal_value: 350000,
          deal_gci: 8750,
          date_deal_year: 2026,
          date_deal_month: 10,
          date_deal_day: 1,
          quarter: 4,
          income: 0,
          periodM: '10-2026',
          periodQ: 'Q4-2026',
          periodY: '2026',
          periodF: '10-2026'
        }
      ]
    },
    {
      '116': 0,
      '117': 0,
      '118': 0,
      '119': 0,
      '120': 0,
      '121': 0,
      '122': 0,
      '215': 0,
      '216': 0,
      '217': 0,
      type: 'month',
      period1: 11,
      period2: 2026,
      deals: []
    },
    {
      '116': 0,
      '117': 0,
      '118': 8750,
      '119': 0,
      '120': 0,
      '121': 0,
      '122': 0,
      '215': 0,
      '216': 0,
      '217': 0,
      type: 'month',
      period1: 0,
      period2: 2027,
      deals: [
        {
          deal_name: 'Jeaneth & Antonio Home',
          deal_stage: 118,
          deal_timeline_stated: 125,
          deal_value: 350000,
          deal_gci: 8750,
          date_deal_year: 2027,
          date_deal_month: 0,
          date_deal_day: 1,
          quarter: 1,
          income: 0,
          periodM: '0-2027',
          periodQ: 'Q1-2027',
          periodY: '2027',
          periodF: '0-2027'
        }
      ]
    },
    {
      '116': 0,
      '117': 0,
      '118': 10000,
      '119': 0,
      '120': 0,
      '121': 0,
      '122': 0,
      '215': 0,
      '216': 0,
      '217': 0,
      type: 'month',
      period1: 1,
      period2: 2027,
      deals: [
        {
          deal_name: 'Neumann Investment',
          deal_stage: 118,
          deal_timeline_stated: 125,
          deal_value: 400000,
          deal_gci: 10000,
          date_deal_year: 2027,
          date_deal_month: 1,
          date_deal_day: 1,
          quarter: 1,
          income: 0,
          periodM: '1-2027',
          periodQ: 'Q1-2027',
          periodY: '2027',
          periodF: '1-2027'
        }
      ]
    },
    {
      '116': 0,
      '117': 10000,
      '118': 28000,
      '119': 0,
      '120': 0,
      '121': 0,
      '122': 0,
      '215': 32500,
      '216': 0,
      '217': 0,
      type: 'month',
      period1: 2,
      period2: 2027,
      deals: [
        {
          deal_name: 'Pati Brumfield Sale',
          deal_stage: 117,
          deal_timeline_stated: 125,
          deal_value: 400000,
          deal_gci: 10000,
          date_deal_year: 2027,
          date_deal_month: 2,
          date_deal_day: 1,
          quarter: 1,
          income: 0,
          periodM: '2-2027',
          periodQ: 'Q1-2027',
          periodY: '2027',
          periodF: '2-2027'
        },
        {
          deal_name: 'Phillip Coleman Family Compound',
          deal_stage: 118,
          deal_timeline_stated: 125,
          deal_value: 350000,
          deal_gci: 8750,
          date_deal_year: 2027,
          date_deal_month: 2,
          date_deal_day: 1,
          quarter: 1,
          income: 0,
          periodM: '2-2027',
          periodQ: 'Q1-2027',
          periodY: '2027',
          periodF: '2-2027'
        },
        {
          deal_name: 'McCaffrey Sale',
          deal_stage: 118,
          deal_timeline_stated: 125,
          deal_value: 350000,
          deal_gci: 8750,
          date_deal_year: 2027,
          date_deal_month: 2,
          date_deal_day: 1,
          quarter: 1,
          income: 0,
          periodM: '2-2027',
          periodQ: 'Q1-2027',
          periodY: '2027',
          periodF: '2-2027'
        },
        {
          deal_name: 'Wines Sale at LOW',
          deal_stage: 118,
          deal_timeline_stated: 125,
          deal_value: 420000,
          deal_gci: 10500,
          date_deal_year: 2027,
          date_deal_month: 2,
          date_deal_day: 1,
          quarter: 1,
          income: 0,
          periodM: '2-2027',
          periodQ: 'Q1-2027',
          periodY: '2027',
          periodF: '2-2027'
        },
        {
          deal_name: 'Janice Jenkins Listing',
          deal_stage: 215,
          deal_timeline_stated: 125,
          deal_value: 400000,
          deal_gci: 10000,
          date_deal_year: 2027,
          date_deal_month: 2,
          date_deal_day: 1,
          quarter: 1,
          income: 0,
          periodM: '2-2027',
          periodQ: 'Q1-2027',
          periodY: '2027',
          periodF: '2-2027'
        },
        {
          deal_name: 'Julie Michael Home',
          deal_stage: 215,
          deal_timeline_stated: 125,
          deal_value: 400000,
          deal_gci: 10000,
          date_deal_year: 2027,
          date_deal_month: 2,
          date_deal_day: 1,
          quarter: 1,
          income: 0,
          periodM: '2-2027',
          periodQ: 'Q1-2027',
          periodY: '2027',
          periodF: '2-2027'
        },
        {
          deal_name: 'Rex Mitchell Home',
          deal_stage: 215,
          deal_timeline_stated: 125,
          deal_value: 500000,
          deal_gci: 12500,
          date_deal_year: 2027,
          date_deal_month: 2,
          date_deal_day: 1,
          quarter: 1,
          income: 0,
          periodM: '2-2027',
          periodQ: 'Q1-2027',
          periodY: '2027',
          periodF: '2-2027'
        }
      ]
    },
    {
      '116': 0,
      '117': 0,
      '118': 0,
      '119': 0,
      '120': 0,
      '121': 0,
      '122': 0,
      '215': 0,
      '216': 0,
      '217': 0,
      type: 'month',
      period1: 3,
      period2: 2027,
      deals: []
    },
    {
      '116': 0,
      '117': 0,
      '118': 0,
      '119': 0,
      '120': 0,
      '121': 0,
      '122': 0,
      '215': 10000,
      '216': 0,
      '217': 0,
      type: 'month',
      period1: 4,
      period2: 2027,
      deals: [
        {
          deal_name: 'John Westergren Home',
          deal_stage: 215,
          deal_timeline_stated: 123,
          deal_value: 400000,
          deal_gci: 10000,
          date_deal_year: 2027,
          date_deal_month: 4,
          date_deal_day: 1,
          quarter: 2,
          income: 0,
          periodM: '4-2027',
          periodQ: 'Q2-2027',
          periodY: '2027',
          periodF: '4-2027'
        }
      ]
    },
    {
      '116': 0,
      '117': 0,
      '118': 36250,
      '119': 0,
      '120': 0,
      '121': 0,
      '122': 0,
      '215': 12500,
      '216': 0,
      '217': 0,
      type: 'month',
      period1: 5,
      period2: 2027,
      deals: [
        {
          deal_name: 'Sean Brown Farmette',
          deal_stage: 215,
          deal_timeline_stated: 126,
          deal_value: 500000,
          deal_gci: 12500,
          date_deal_year: 2027,
          date_deal_month: 5,
          date_deal_day: 1,
          quarter: 2,
          income: 0,
          periodM: '5-2027',
          periodQ: 'Q2-2027',
          periodY: '2027',
          periodF: '5-2027'
        },
        {
          deal_name: 'Amos New Home',
          deal_stage: 118,
          deal_timeline_stated: 126,
          deal_value: 1000000,
          deal_gci: 25000,
          date_deal_year: 2027,
          date_deal_month: 5,
          date_deal_day: 1,
          quarter: 2,
          income: 0,
          periodM: '5-2027',
          periodQ: 'Q2-2027',
          periodY: '2027',
          periodF: '5-2027'
        },
        {
          deal_name: 'Albert Ryan Listing',
          deal_stage: 118,
          deal_timeline_stated: 126,
          deal_value: 450000,
          deal_gci: 11250,
          date_deal_year: 2027,
          date_deal_month: 5,
          date_deal_day: 1,
          quarter: 2,
          income: 0,
          periodM: '5-2027',
          periodQ: 'Q2-2027',
          periodY: '2027',
          periodF: '5-2027'
        }
      ]
    },
    {
      '116': 0,
      '117': 0,
      '118': 0,
      '119': 0,
      '120': 0,
      '121': 0,
      '122': 0,
      '215': 0,
      '216': 0,
      '217': 0,
      type: 'month',
      period1: 6,
      period2: 2027,
      deals: []
    },
    {
      '116': 0,
      '117': 0,
      '118': 0,
      '119': 0,
      '120': 0,
      '121': 0,
      '122': 0,
      '215': 0,
      '216': 0,
      '217': 0,
      type: 'month',
      period1: 7,
      period2: 2027,
      deals: []
    },
    {
      '116': 0,
      '117': 0,
      '118': 0,
      '119': 0,
      '120': 0,
      '121': 0,
      '122': 0,
      '215': 0,
      '216': 0,
      '217': 0,
      type: 'month',
      period1: 8,
      period2: 2027,
      deals: []
    },
    {
      '116': 8750,
      '117': 37500,
      '118': 0,
      '119': 0,
      '120': 0,
      '121': 0,
      '122': 0,
      '215': 0,
      '216': 0,
      '217': 0,
      type: 'quarter',
      period1: 'Q4',
      period2: 2027,
      deals: [
        {
          deal_name: 'Egan Listing',
          deal_stage: 117,
          deal_timeline_stated: 127,
          deal_value: 800000,
          deal_gci: 20000,
          date_deal_year: 2027,
          date_deal_month: 11,
          date_deal_day: 1,
          quarter: 4,
          income: 0,
          periodM: '11-2027',
          periodQ: 'Q4-2027',
          periodY: '2027',
          periodF: 'Q4-2027'
        },
        {
          deal_name: 'Davis Listing',
          deal_stage: 117,
          deal_timeline_stated: 127,
          deal_value: 700000,
          deal_gci: 17500,
          date_deal_year: 2027,
          date_deal_month: 11,
          date_deal_day: 1,
          quarter: 4,
          income: 0,
          periodM: '11-2027',
          periodQ: 'Q4-2027',
          periodY: '2027',
          periodF: 'Q4-2027'
        },
        {
          deal_name: 'Tyler and Sylvana Home',
          deal_stage: 116,
          deal_timeline_stated: 127,
          deal_value: 350000,
          deal_gci: 8750,
          date_deal_year: 2027,
          date_deal_month: 11,
          date_deal_day: 1,
          quarter: 4,
          income: 0,
          periodM: '11-2027',
          periodQ: 'Q4-2027',
          periodY: '2027',
          periodF: 'Q4-2027'
        }
      ]
    },
    {
      '116': 17500,
      '117': 0,
      '118': 41750,
      '119': 0,
      '120': 0,
      '121': 0,
      '122': 0,
      '215': 0,
      '216': 0,
      '217': 0,
      type: 'year',
      period1: '',
      period2: 2028,
      deals: [
        {
          deal_name: 'Amos 801 S East St',
          deal_stage: 118,
          deal_timeline_stated: 124,
          deal_value: 975000,
          deal_gci: 29250,
          date_deal_year: 2028,
          date_deal_month: 5,
          date_deal_day: 1,
          quarter: 2,
          income: 0,
          periodM: '5-2028',
          periodQ: 'Q2-2028',
          periodY: '2028',
          periodF: '2028'
        },
        {
          deal_name: 'Rebekah Investment Property',
          deal_stage: 118,
          deal_timeline_stated: 128,
          deal_value: 500000,
          deal_gci: 12500,
          date_deal_year: 2028,
          date_deal_month: 5,
          date_deal_day: 1,
          quarter: 2,
          income: 0,
          periodM: '5-2028',
          periodQ: 'Q2-2028',
          periodY: '2028',
          periodF: '2028'
        },
        {
          deal_name: 'Brenna and Brandon Home',
          deal_stage: 116,
          deal_timeline_stated: 128,
          deal_value: 350000,
          deal_gci: 8750,
          date_deal_year: 2028,
          date_deal_month: 5,
          date_deal_day: 1,
          quarter: 2,
          income: 0,
          periodM: '5-2028',
          periodQ: 'Q2-2028',
          periodY: '2028',
          periodF: '2028'
        },
        {
          deal_name: 'Roman Son Home',
          deal_stage: 116,
          deal_timeline_stated: 128,
          deal_value: 350000,
          deal_gci: 8750,
          date_deal_year: 2028,
          date_deal_month: 5,
          date_deal_day: 1,
          quarter: 2,
          income: 0,
          periodM: '5-2028',
          periodQ: 'Q2-2028',
          periodY: '2028',
          periodF: '2028'
        }
      ]
    },
    {
      '116': 0,
      '117': 0,
      '118': 0,
      '119': 0,
      '120': 0,
      '121': 0,
      '122': 0,
      '215': 0,
      '216': 0,
      '217': 0,
      type: 'year',
      period1: '',
      period2: 2029,
      deals: []
    },
    {
      '116': 0,
      '117': 20000,
      '118': 0,
      '119': 0,
      '120': 0,
      '121': 0,
      '122': 0,
      '215': 0,
      '216': 0,
      '217': 0,
      type: 'year',
      period1: '',
      period2: 2030,
      deals: [
        {
          deal_name: 'Katherine VA Move',
          deal_stage: 117,
          deal_timeline_stated: 130,
          deal_value: 800000,
          deal_gci: 20000,
          date_deal_year: 2030,
          date_deal_month: 7,
          date_deal_day: 1,
          quarter: 3,
          income: 0,
          periodM: '7-2030',
          periodQ: 'Q3-2030',
          periodY: '2030',
          periodF: '2030'
        }
      ]
    },
    {
      '116': 0,
      '117': 0,
      '118': 0,
      '119': 0,
      '120': 0,
      '121': 0,
      '122': 0,
      '215': 0,
      '216': 0,
      '217': 0,
      type: 'year',
      period1: '',
      period2: 2031,
      deals: []
    },
    {
      '116': 0,
      '117': 0,
      '118': 0,
      '119': 0,
      '120': 0,
      '121': 0,
      '122': 0,
      '215': 0,
      '216': 0,
      '217': 0,
      type: 'year',
      period1: '',
      period2: 2032,
      deals: []
    },
    {
      '116': 0,
      '117': 0,
      '118': 0,
      '119': 0,
      '120': 0,
      '121': 0,
      '122': 0,
      '215': 0,
      '216': 0,
      '217': 0,
      type: 'year',
      period1: '',
      period2: 2033,
      deals: []
    },
    {
      '116': 0,
      '117': 0,
      '118': 0,
      '119': 0,
      '120': 0,
      '121': 0,
      '122': 0,
      '215': 0,
      '216': 0,
      '217': 0,
      type: 'year',
      period1: '',
      period2: 2034,
      deals: []
    },
    {
      '116': 0,
      '117': 0,
      '118': 0,
      '119': 0,
      '120': 0,
      '121': 0,
      '122': 0,
      '215': 0,
      '216': 0,
      '217': 0,
      type: 'year',
      period1: '',
      period2: 2035,
      deals: []
    }
  ]
}
info [Mon Jul 06 2026 12:52:35 GMT-0400 (Eastern Daylight Time)]  {
  dealStageHash: {
    '116': { id: 116, label: 'Prospect', color: '#e6f2ff' },
    '117': { id: 117, label: 'Contact', color: '#a4d2ed' },
    '118': { id: 118, label: 'Opportunity', color: '#63b3db' },
    '119': { id: 119, label: 'Signed Client', color: '#2193c9' },
    '120': { id: 120, label: 'Under Contract', color: '#2193c9' },
    '121': { id: 121, label: 'Closed', color: '#2193c9' },
    '122': { id: 122, label: 'Lost', color: '#f77791' },
    '215': { id: 215, label: 'Opportunity (Slipping Away)', color: '#f2b3bf' },
    '216': { id: 216, label: 'Opportunity (Highly Likely)', color: '#42A3D2' },
    '217': { id: 217, label: 'Dead', color: '#f2b3bf' }
  },
  divisors: { pf_income_gci_pct: 0 },
  dealGroups: [
    {
      '116': 0,
      '117': 0,
      '118': 0,
      '119': 0,
      '120': 0,
      '121': 0,
      '122': 0,
      '215': 0,
      '216': 0,
      '217': 0,
      type: 'month',
      period1: 6,
      period2: 2026,
      deals: []
    },
    {
      '116': 0,
      '117': 0,
      '118': 0,
      '119': 43750,
      '120': 0,
      '121': 0,
      '122': 0,
      '215': 0,
      '216': 0,
      '217': 0,
      type: 'month',
      period1: 7,
      period2: 2026,
      deals: [
        {
          deal_name: 'McCoy Zeuswyn Listing',
          deal_stage: 119,
          deal_timeline_stated: 123,
          deal_value: 1250000,
          deal_gci: 43750,
          date_deal_year: 2026,
          date_deal_month: 7,
          date_deal_day: 1,
          quarter: 3,
          income: 0,
          periodM: '7-2026',
          periodQ: 'Q3-2026',
          periodY: '2026',
          periodF: '7-2026'
        }
      ]
    },
    {
      '116': 0,
      '117': 0,
      '118': 6250,
      '119': 0,
      '120': 0,
      '121': 0,
      '122': 21250,
      '215': 0,
      '216': 0,
      '217': 0,
      type: 'month',
      period1: 8,
      period2: 2026,
      deals: [
        {
          deal_name: 'Sandy Loar Sale',
          deal_stage: 122,
          deal_timeline_stated: 123,
          deal_value: 850000,
          deal_gci: 21250,
          date_deal_year: 2026,
          date_deal_month: 8,
          date_deal_day: 1,
          quarter: 3,
          income: 0,
          periodM: '8-2026',
          periodQ: 'Q3-2026',
          periodY: '2026',
          periodF: '8-2026'
        },
        {
          deal_name: 'Little VA Home',
          deal_stage: 118,
          deal_timeline_stated: 123,
          deal_value: 250000,
          deal_gci: 6250,
          date_deal_year: 2026,
          date_deal_month: 8,
          date_deal_day: 1,
          quarter: 3,
          income: 0,
          periodM: '8-2026',
          periodQ: 'Q3-2026',
          periodY: '2026',
          periodF: '8-2026'
        }
      ]
    },
    {
      '116': 0,
      '117': 0,
      '118': 0,
      '119': 0,
      '120': 0,
      '121': 0,
      '122': 0,
      '215': 0,
      '216': 0,
      '217': 0,
      type: 'month',
      period1: 9,
      period2: 2026,
      deals: []
    },
    {
      '116': 0,
      '117': 0,
      '118': 8750,
      '119': 0,
      '120': 0,
      '121': 0,
      '122': 0,
      '215': 0,
      '216': 0,
      '217': 0,
      type: 'month',
      period1: 10,
      period2: 2026,
      deals: [
        {
          deal_name: 'Grespin Sale',
          deal_stage: 118,
          deal_timeline_stated: 124,
          deal_value: 350000,
          deal_gci: 8750,
          date_deal_year: 2026,
          date_deal_month: 10,
          date_deal_day: 1,
          quarter: 4,
          income: 0,
          periodM: '10-2026',
          periodQ: 'Q4-2026',
          periodY: '2026',
          periodF: '10-2026'
        }
      ]
    },
    {
      '116': 0,
      '117': 0,
      '118': 0,
      '119': 0,
      '120': 0,
      '121': 0,
      '122': 0,
      '215': 0,
      '216': 0,
      '217': 0,
      type: 'month',
      period1: 11,
      period2: 2026,
      deals: []
    },
    {
      '116': 0,
      '117': 0,
      '118': 8750,
      '119': 0,
      '120': 0,
      '121': 0,
      '122': 0,
      '215': 0,
      '216': 0,
      '217': 0,
      type: 'month',
      period1: 0,
      period2: 2027,
      deals: [
        {
          deal_name: 'Jeaneth & Antonio Home',
          deal_stage: 118,
          deal_timeline_stated: 125,
          deal_value: 350000,
          deal_gci: 8750,
          date_deal_year: 2027,
          date_deal_month: 0,
          date_deal_day: 1,
          quarter: 1,
          income: 0,
          periodM: '0-2027',
          periodQ: 'Q1-2027',
          periodY: '2027',
          periodF: '0-2027'
        }
      ]
    },
    {
      '116': 0,
      '117': 0,
      '118': 10000,
      '119': 0,
      '120': 0,
      '121': 0,
      '122': 0,
      '215': 0,
      '216': 0,
      '217': 0,
      type: 'month',
      period1: 1,
      period2: 2027,
      deals: [
        {
          deal_name: 'Neumann Investment',
          deal_stage: 118,
          deal_timeline_stated: 125,
          deal_value: 400000,
          deal_gci: 10000,
          date_deal_year: 2027,
          date_deal_month: 1,
          date_deal_day: 1,
          quarter: 1,
          income: 0,
          periodM: '1-2027',
          periodQ: 'Q1-2027',
          periodY: '2027',
          periodF: '1-2027'
        }
      ]
    },
    {
      '116': 0,
      '117': 10000,
      '118': 28000,
      '119': 0,
      '120': 0,
      '121': 0,
      '122': 0,
      '215': 32500,
      '216': 0,
      '217': 0,
      type: 'month',
      period1: 2,
      period2: 2027,
      deals: [
        {
          deal_name: 'Pati Brumfield Sale',
          deal_stage: 117,
          deal_timeline_stated: 125,
          deal_value: 400000,
          deal_gci: 10000,
          date_deal_year: 2027,
          date_deal_month: 2,
          date_deal_day: 1,
          quarter: 1,
          income: 0,
          periodM: '2-2027',
          periodQ: 'Q1-2027',
          periodY: '2027',
          periodF: '2-2027'
        },
        {
          deal_name: 'Phillip Coleman Family Compound',
          deal_stage: 118,
          deal_timeline_stated: 125,
          deal_value: 350000,
          deal_gci: 8750,
          date_deal_year: 2027,
          date_deal_month: 2,
          date_deal_day: 1,
          quarter: 1,
          income: 0,
          periodM: '2-2027',
          periodQ: 'Q1-2027',
          periodY: '2027',
          periodF: '2-2027'
        },
        {
          deal_name: 'McCaffrey Sale',
          deal_stage: 118,
          deal_timeline_stated: 125,
          deal_value: 350000,
          deal_gci: 8750,
          date_deal_year: 2027,
          date_deal_month: 2,
          date_deal_day: 1,
          quarter: 1,
          income: 0,
          periodM: '2-2027',
          periodQ: 'Q1-2027',
          periodY: '2027',
          periodF: '2-2027'
        },
        {
          deal_name: 'Wines Sale at LOW',
          deal_stage: 118,
          deal_timeline_stated: 125,
          deal_value: 420000,
          deal_gci: 10500,
          date_deal_year: 2027,
          date_deal_month: 2,
          date_deal_day: 1,
          quarter: 1,
          income: 0,
          periodM: '2-2027',
          periodQ: 'Q1-2027',
          periodY: '2027',
          periodF: '2-2027'
        },
        {
          deal_name: 'Janice Jenkins Listing',
          deal_stage: 215,
          deal_timeline_stated: 125,
          deal_value: 400000,
          deal_gci: 10000,
          date_deal_year: 2027,
          date_deal_month: 2,
          date_deal_day: 1,
          quarter: 1,
          income: 0,
          periodM: '2-2027',
          periodQ: 'Q1-2027',
          periodY: '2027',
          periodF: '2-2027'
        },
        {
          deal_name: 'Julie Michael Home',
          deal_stage: 215,
          deal_timeline_stated: 125,
          deal_value: 400000,
          deal_gci: 10000,
          date_deal_year: 2027,
          date_deal_month: 2,
          date_deal_day: 1,
          quarter: 1,
          income: 0,
          periodM: '2-2027',
          periodQ: 'Q1-2027',
          periodY: '2027',
          periodF: '2-2027'
        },
        {
          deal_name: 'Rex Mitchell Home',
          deal_stage: 215,
          deal_timeline_stated: 125,
          deal_value: 500000,
          deal_gci: 12500,
          date_deal_year: 2027,
          date_deal_month: 2,
          date_deal_day: 1,
          quarter: 1,
          income: 0,
          periodM: '2-2027',
          periodQ: 'Q1-2027',
          periodY: '2027',
          periodF: '2-2027'
        }
      ]
    },
    {
      '116': 0,
      '117': 0,
      '118': 0,
      '119': 0,
      '120': 0,
      '121': 0,
      '122': 0,
      '215': 0,
      '216': 0,
      '217': 0,
      type: 'month',
      period1: 3,
      period2: 2027,
      deals: []
    },
    {
      '116': 0,
      '117': 0,
      '118': 0,
      '119': 0,
      '120': 0,
      '121': 0,
      '122': 0,
      '215': 10000,
      '216': 0,
      '217': 0,
      type: 'month',
      period1: 4,
      period2: 2027,
      deals: [
        {
          deal_name: 'John Westergren Home',
          deal_stage: 215,
          deal_timeline_stated: 123,
          deal_value: 400000,
          deal_gci: 10000,
          date_deal_year: 2027,
          date_deal_month: 4,
          date_deal_day: 1,
          quarter: 2,
          income: 0,
          periodM: '4-2027',
          periodQ: 'Q2-2027',
          periodY: '2027',
          periodF: '4-2027'
        }
      ]
    },
    {
      '116': 0,
      '117': 0,
      '118': 36250,
      '119': 0,
      '120': 0,
      '121': 0,
      '122': 0,
      '215': 12500,
      '216': 0,
      '217': 0,
      type: 'month',
      period1: 5,
      period2: 2027,
      deals: [
        {
          deal_name: 'Sean Brown Farmette',
          deal_stage: 215,
          deal_timeline_stated: 126,
          deal_value: 500000,
          deal_gci: 12500,
          date_deal_year: 2027,
          date_deal_month: 5,
          date_deal_day: 1,
          quarter: 2,
          income: 0,
          periodM: '5-2027',
          periodQ: 'Q2-2027',
          periodY: '2027',
          periodF: '5-2027'
        },
        {
          deal_name: 'Amos New Home',
          deal_stage: 118,
          deal_timeline_stated: 126,
          deal_value: 1000000,
          deal_gci: 25000,
          date_deal_year: 2027,
          date_deal_month: 5,
          date_deal_day: 1,
          quarter: 2,
          income: 0,
          periodM: '5-2027',
          periodQ: 'Q2-2027',
          periodY: '2027',
          periodF: '5-2027'
        },
        {
          deal_name: 'Albert Ryan Listing',
          deal_stage: 118,
          deal_timeline_stated: 126,
          deal_value: 450000,
          deal_gci: 11250,
          date_deal_year: 2027,
          date_deal_month: 5,
          date_deal_day: 1,
          quarter: 2,
          income: 0,
          periodM: '5-2027',
          periodQ: 'Q2-2027',
          periodY: '2027',
          periodF: '5-2027'
        }
      ]
    },
    {
      '116': 0,
      '117': 0,
      '118': 0,
      '119': 0,
      '120': 0,
      '121': 0,
      '122': 0,
      '215': 0,
      '216': 0,
      '217': 0,
      type: 'month',
      period1: 6,
      period2: 2027,
      deals: []
    },
    {
      '116': 0,
      '117': 0,
      '118': 0,
      '119': 0,
      '120': 0,
      '121': 0,
      '122': 0,
      '215': 0,
      '216': 0,
      '217': 0,
      type: 'month',
      period1: 7,
      period2: 2027,
      deals: []
    },
    {
      '116': 0,
      '117': 0,
      '118': 0,
      '119': 0,
      '120': 0,
      '121': 0,
      '122': 0,
      '215': 0,
      '216': 0,
      '217': 0,
      type: 'month',
      period1: 8,
      period2: 2027,
      deals: []
    },
    {
      '116': 8750,
      '117': 37500,
      '118': 0,
      '119': 0,
      '120': 0,
      '121': 0,
      '122': 0,
      '215': 0,
      '216': 0,
      '217': 0,
      type: 'quarter',
      period1: 'Q4',
      period2: 2027,
      deals: [
        {
          deal_name: 'Egan Listing',
          deal_stage: 117,
          deal_timeline_stated: 127,
          deal_value: 800000,
          deal_gci: 20000,
          date_deal_year: 2027,
          date_deal_month: 11,
          date_deal_day: 1,
          quarter: 4,
          income: 0,
          periodM: '11-2027',
          periodQ: 'Q4-2027',
          periodY: '2027',
          periodF: 'Q4-2027'
        },
        {
          deal_name: 'Davis Listing',
          deal_stage: 117,
          deal_timeline_stated: 127,
          deal_value: 700000,
          deal_gci: 17500,
          date_deal_year: 2027,
          date_deal_month: 11,
          date_deal_day: 1,
          quarter: 4,
          income: 0,
          periodM: '11-2027',
          periodQ: 'Q4-2027',
          periodY: '2027',
          periodF: 'Q4-2027'
        },
        {
          deal_name: 'Tyler and Sylvana Home',
          deal_stage: 116,
          deal_timeline_stated: 127,
          deal_value: 350000,
          deal_gci: 8750,
          date_deal_year: 2027,
          date_deal_month: 11,
          date_deal_day: 1,
          quarter: 4,
          income: 0,
          periodM: '11-2027',
          periodQ: 'Q4-2027',
          periodY: '2027',
          periodF: 'Q4-2027'
        }
      ]
    },
    {
      '116': 17500,
      '117': 0,
      '118': 41750,
      '119': 0,
      '120': 0,
      '121': 0,
      '122': 0,
      '215': 0,
      '216': 0,
      '217': 0,
      type: 'year',
      period1: '',
      period2: 2028,
      deals: [
        {
          deal_name: 'Amos 801 S East St',
          deal_stage: 118,
          deal_timeline_stated: 124,
          deal_value: 975000,
          deal_gci: 29250,
          date_deal_year: 2028,
          date_deal_month: 5,
          date_deal_day: 1,
          quarter: 2,
          income: 0,
          periodM: '5-2028',
          periodQ: 'Q2-2028',
          periodY: '2028',
          periodF: '2028'
        },
        {
          deal_name: 'Rebekah Investment Property',
          deal_stage: 118,
          deal_timeline_stated: 128,
          deal_value: 500000,
          deal_gci: 12500,
          date_deal_year: 2028,
          date_deal_month: 5,
          date_deal_day: 1,
          quarter: 2,
          income: 0,
          periodM: '5-2028',
          periodQ: 'Q2-2028',
          periodY: '2028',
          periodF: '2028'
        },
        {
          deal_name: 'Brenna and Brandon Home',
          deal_stage: 116,
          deal_timeline_stated: 128,
          deal_value: 350000,
          deal_gci: 8750,
          date_deal_year: 2028,
          date_deal_month: 5,
          date_deal_day: 1,
          quarter: 2,
          income: 0,
          periodM: '5-2028',
          periodQ: 'Q2-2028',
          periodY: '2028',
          periodF: '2028'
        },
        {
          deal_name: 'Roman Son Home',
          deal_stage: 116,
          deal_timeline_stated: 128,
          deal_value: 350000,
          deal_gci: 8750,
          date_deal_year: 2028,
          date_deal_month: 5,
          date_deal_day: 1,
          quarter: 2,
          income: 0,
          periodM: '5-2028',
          periodQ: 'Q2-2028',
          periodY: '2028',
          periodF: '2028'
        }
      ]
    },
    {
      '116': 0,
      '117': 0,
      '118': 0,
      '119': 0,
      '120': 0,
      '121': 0,
      '122': 0,
      '215': 0,
      '216': 0,
      '217': 0,
      type: 'year',
      period1: '',
      period2: 2029,
      deals: []
    },
    {
      '116': 0,
      '117': 20000,
      '118': 0,
      '119': 0,
      '120': 0,
      '121': 0,
      '122': 0,
      '215': 0,
      '216': 0,
      '217': 0,
      type: 'year',
      period1: '',
      period2: 2030,
      deals: [
        {
          deal_name: 'Katherine VA Move',
          deal_stage: 117,
          deal_timeline_stated: 130,
          deal_value: 800000,
          deal_gci: 20000,
          date_deal_year: 2030,
          date_deal_month: 7,
          date_deal_day: 1,
          quarter: 3,
          income: 0,
          periodM: '7-2030',
          periodQ: 'Q3-2030',
          periodY: '2030',
          periodF: '2030'
        }
      ]
    },
    {
      '116': 0,
      '117': 0,
      '118': 0,
      '119': 0,
      '120': 0,
      '121': 0,
      '122': 0,
      '215': 0,
      '216': 0,
      '217': 0,
      type: 'year',
      period1: '',
      period2: 2031,
      deals: []
    },
    {
      '116': 0,
      '117': 0,
      '118': 0,
      '119': 0,
      '120': 0,
      '121': 0,
      '122': 0,
      '215': 0,
      '216': 0,
      '217': 0,
      type: 'year',
      period1: '',
      period2: 2032,
      deals: []
    },
    {
      '116': 0,
      '117': 0,
      '118': 0,
      '119': 0,
      '120': 0,
      '121': 0,
      '122': 0,
      '215': 0,
      '216': 0,
      '217': 0,
      type: 'year',
      period1: '',
      period2: 2033,
      deals: []
    },
    {
      '116': 0,
      '117': 0,
      '118': 0,
      '119': 0,
      '120': 0,
      '121': 0,
      '122': 0,
      '215': 0,
      '216': 0,
      '217': 0,
      type: 'year',
      period1: '',
      period2: 2034,
      deals: []
    },
    {
      '116': 0,
      '117': 0,
      '118': 0,
      '119': 0,
      '120': 0,
      '121': 0,
      '122': 0,
      '215': 0,
      '216': 0,
      '217': 0,
      type: 'year',
      period1: '',
      period2: 2035,
      deals: []
    }
  ]
}






























































































