














































































































































































































































































error [Sat Jul 11 2026 15:57:54 GMT-0400 (Eastern Daylight Time)]  Error sending email to: outinsidethebeltway@hotmail.com ResponseError: Forbidden
    at node_modules/@sendgrid/client/src/classes/client.js:167:29
    at process.processTicksAndRejections (node:internal/process/task_queues:105:5) {
  code: 403,
  response: {
    headers: Object [AxiosHeaders] {
      date: 'Sat, 11 Jul 2026 19:57:54 GMT',
      'content-type': 'application/json',
      'content-length': '281',
      connection: 'keep-alive',
      server: 'nginx',
      'access-control-allow-origin': 'https://sendgrid.api-docs.io',
      'access-control-allow-methods': 'POST',
      'access-control-allow-headers': 'Authorization, Content-Type, On-behalf-of, x-sg-elas-acl',
      'access-control-max-age': '600',
      'x-no-cors-reason': 'https://sendgrid.com/docs/Classroom/Basics/API/cors.html',
      'strict-transport-security': 'max-age=31536000; includeSubDomains',
      'content-security-policy': "frame-ancestors 'none'",
      'cache-control': 'no-cache',
      'x-content-type-options': 'no-sniff',
      'referrer-policy': 'strict-origin-when-cross-origin'
    },
    body: {
      errors: [
        {
          message: 'The from address does not match a verified Sender Identity. Mail cannot be sent until this error is resolved. Visit https://sendgrid.com/docs/for-developers/sending-email/sender-identity/ to see the Sender Identity requirements',
          field: 'from',
          help: null
        }
      ]
    }
  }
}































